<?xml version="1.0" encoding="UTF-8"?>
<testsuite name="Probar la busqueda en Google" tests="1" skipped="0" failures="0" errors="0" timestamp="2022-05-12T23:35:55" hostname="DESKTOP-TFVC0QP" time="0.062">
  <properties/>
  <testcase name="Busco algo en google" classname="Probar la busqueda en Google" time="0.062"/>
  <system-out><![CDATA[]]></system-out>
  <system-err><![CDATA[]]></system-err>
</testsuite>
